<?xml version="1.0" encoding="UTF-8"?><testsuite errors="0" failures="1" name="login" skipped="0" tests="3" time="60.12" timestamp="2023-09-28 09:12:06"><testcase name="Login Successfully"><failure message="&#10;Expected: &lt;true&gt;&#10;     but: was &lt;false&gt;" type="java.lang.AssertionError">
Expected: &lt;true&gt;
     but: was &lt;false&gt;</failure><system-err>
Expected: &lt;true&gt;
     but: was &lt;false&gt;&#13;
co.com.Senasoft.StepsDefinitions.LoginStepDefinition.heEntrySuccesfully(LoginStepDefinition.java:66)&#13;
âœ½.he entry succesfully(src/test/resources/features/login.feature:12)&#13;
</system-err></testcase><testcase name="Wrong Login"/><testcase name="Incomplete Login"/></testsuite>